[1108/170327.954:ERROR:rankings.cc(769)] Inconsistent LRU.
[1108/170327.954:ERROR:backend_impl.cc(1041)] Critical error found -8
[1108/170327.957:WARNING:storage_block-inl.h(146)] Failed data load.
[1108/170327.958:WARNING:storage_block-inl.h(146)] Failed data load.
[1108/170327.958:WARNING:storage_block-inl.h(146)] Failed data load.
[1108/170327.958:WARNING:storage_block-inl.h(146)] Failed data load.
[1108/170327.958:ERROR:entry_impl.cc(1075)] No file for a3010c64
[1108/170327.958:WARNING:storage_block-inl.h(146)] Failed data load.
[1108/170327.959:WARNING:storage_block-inl.h(146)] Failed data load.
[1108/170327.959:WARNING:storage_block-inl.h(146)] Failed data load.
[1108/170327.959:WARNING:storage_block-inl.h(146)] Failed data load.
[1108/170327.959:ERROR:entry_impl.cc(1075)] No file for a2010005
[1108/170327.959:WARNING:storage_block-inl.h(146)] Failed data load.
[1108/170327.959:WARNING:storage_block-inl.h(146)] Failed data load.
[1108/170327.959:ERROR:entry_impl.cc(1075)] No file for a3010c6c
[1108/170327.959:WARNING:storage_block-inl.h(146)] Failed data load.
[1108/170327.959:WARNING:storage_block-inl.h(146)] Failed data load.
[1108/170327.959:WARNING:storage_block-inl.h(146)] Failed data load.
[1108/170327.959:WARNING:storage_block-inl.h(146)] Failed data load.
[1108/170327.959:ERROR:entry_impl.cc(1075)] No file for a2010be5
[1108/170327.961:WARNING:storage_block-inl.h(146)] Failed data load.
[1108/170327.961:WARNING:storage_block-inl.h(146)] Failed data load.
[1108/170327.961:WARNING:storage_block-inl.h(146)] Failed data load.
[1108/170327.961:WARNING:storage_block-inl.h(146)] Failed data load.
[1108/170332.597:WARNING:value_store_frontend.cc(45)] Reading mhjfbmdgcfjbbpaeojofohoefgiehjai.alarms from  failed: IO error: .../MANIFEST-000001: Unable to create sequential file (ChromeMethodBFE: 7::NewSequentialFile::1)
[1108/170523.801:ERROR:gpu_init.cc(426)] Passthrough is not supported, GL is disabled
