[1006/124437.611:ERROR:os_crypt_win.cc(93)] Failed to decrypt: Key not valid for use in specified state. (0x8009000B)
[1006/124438.161:WARNING:backend_impl.cc(1837)] Destroying invalid entry.
[1006/124438.161:WARNING:storage_block-inl.h(146)] Failed data load.
[1006/124438.161:ERROR:backend_impl.cc(1041)] Critical error found -8
[1006/124438.161:ERROR:entry_impl.cc(1075)] No file for c10300ac
[1006/124438.161:WARNING:storage_block-inl.h(146)] Failed data load.
[1006/124438.162:WARNING:storage_block-inl.h(146)] Failed data load.
[1006/124438.162:WARNING:storage_block-inl.h(146)] Failed data load.
[1006/124438.162:WARNING:storage_block-inl.h(146)] Failed data load.
[1006/124438.162:ERROR:entry_impl.cc(1075)] No file for c10300b0
[1006/124438.162:WARNING:storage_block-inl.h(146)] Failed data load.
[1006/124438.162:WARNING:storage_block-inl.h(146)] Failed data load.
[1006/124438.333:WARNING:storage_block-inl.h(146)] Failed data load.
[1006/124438.333:WARNING:storage_block-inl.h(146)] Failed data load.
[1006/124438.333:WARNING:storage_block-inl.h(146)] Failed data load.
[1006/124438.334:WARNING:storage_block-inl.h(146)] Failed data load.
[1006/124438.334:ERROR:entry_impl.cc(998)] Failed to save user data
[1006/124438.334:ERROR:entry_impl.cc(998)] Failed to save user data
[1006/124438.337:ERROR:cache_util_win.cc(20)] Unable to move the cache: Access is denied. (0x5)
[1006/124438.337:ERROR:cache_util.cc(144)] Unable to move cache folder C:/Users/raesh/OneDrive/Documents/GitHub/SweetDream/Saved/webcache_4430\Cache to C:/Users/raesh/OneDrive/Documents/GitHub/SweetDream/Saved/webcache_4430\old_Cache_000
[1006/124438.338:ERROR:backend_impl.cc(2045)] Corrupt Index file
[1006/124440.023:WARNING:value_store_frontend.cc(45)] Reading mhjfbmdgcfjbbpaeojofohoefgiehjai.alarms from  failed: IO error: .../MANIFEST-000001: Unable to create sequential file (ChromeMethodBFE: 7::NewSequentialFile::1)
[1006/124637.867:ERROR:gpu_init.cc(426)] Passthrough is not supported, GL is disabled
